<?xml version="1.0" encoding="UTF-8"?>
<!-- Generated by org.testng.reporters.JUnitReportReporter -->
<testsuite hostname="Nayeem-1998" failures="0" tests="3" name="com.TestNgReport.AutomationLogInReport" time="44.967" errors="0" timestamp="2023-11-05T03:59:38 EST" skipped="0">
  <testcase classname="com.TestNgReport.AutomationLogInReport" name="getUrl" time="22.430"/>
  <testcase classname="com.TestNgReport.AutomationLogInReport" name="getHomePageLogIn" time="21.207"/>
  <testcase classname="com.TestNgReport.AutomationLogInReport" name="getLogOut" time="1.330"/>
</testsuite> <!-- com.TestNgReport.AutomationLogInReport -->
