<?xml version="1.0" encoding="UTF-8"?>
<!-- Generated by org.testng.reporters.JUnitReportReporter -->
<testsuite hostname="Nayeem-1998" failures="0" tests="3" name="com.TestNgPractice.AutomationLogInWithTestNg" time="14.422" errors="0" timestamp="2023-11-05T02:36:47 EST" skipped="0">
  <testcase classname="com.TestNgPractice.AutomationLogInWithTestNg" name="getUrl" time="5.810"/>
  <testcase classname="com.TestNgPractice.AutomationLogInWithTestNg" name="getHomePageLogIn" time="5.801"/>
  <testcase classname="com.TestNgPractice.AutomationLogInWithTestNg" name="getLogOut" time="2.811"/>
</testsuite> <!-- com.TestNgPractice.AutomationLogInWithTestNg -->
