<?xml version="1.0" encoding="UTF-8"?>
<!-- Generated by org.testng.reporters.JUnitReportReporter -->
<testsuite hostname="Nayeem-1998" failures="0" tests="5" name="com.TestNgPractice.LoginWithTestNg" time="0.011" errors="0" timestamp="2023-11-05T01:14:05 EST" skipped="0">
  <testcase classname="com.TestNgPractice.LoginWithTestNg" name="login" time="0.006"/>
  <testcase classname="com.TestNgPractice.LoginWithTestNg" name="dress" time="0.002"/>
  <testcase classname="com.TestNgPractice.LoginWithTestNg" name="cart" time="0.001"/>
  <testcase classname="com.TestNgPractice.LoginWithTestNg" name="payment" time="0.001"/>
  <testcase classname="com.TestNgPractice.LoginWithTestNg" name="placeorder" time="0.001"/>
</testsuite> <!-- com.TestNgPractice.LoginWithTestNg -->
